This is pdfTeX, Version 3.141592653-2.6-1.40.29 (TeX Live 2026/Arch Linux) (preloaded format=pdflatex 2026.4.2)  14 APR 2026 10:04
entering extended mode
 restricted \write18 enabled.
 %&-line parsing enabled.
**figure-cumulative-combined-log.tex
(./figure-cumulative-combined-log.tex
LaTeX2e <2025-11-01>
L3 programming layer <2026-01-19>
(/usr/share/texmf-dist/tex/latex/base/article.cls
Document Class: article 2025/01/22 v1.4n Standard LaTeX document class
(/usr/share/texmf-dist/tex/latex/base/size10.clo
File: size10.clo 2025/01/22 v1.4n Standard LaTeX file (size option)
)
\c@part=\count275
\c@section=\count276
\c@subsection=\count277
\c@subsubsection=\count278
\c@paragraph=\count279
\c@subparagraph=\count280
\c@figure=\count281
\c@table=\count282
\abovecaptionskip=\skip49
\belowcaptionskip=\skip50
\bibindent=\dimen148
) (/usr/share/texmf-dist/tex/latex/geometry/geometry.sty
Package: geometry 2020/01/02 v5.9 Page Geometry
(/usr/share/texmf-dist/tex/latex/graphics/keyval.sty
Package: keyval 2022/05/29 v1.15 key=value parser (DPC)
\KV@toks@=\toks17
) (/usr/share/texmf-dist/tex/generic/iftex/ifvtex.sty
Package: ifvtex 2019/10/25 v1.7 ifvtex legacy package. Use iftex instead.
(/usr/share/texmf-dist/tex/generic/iftex/iftex.sty
Package: iftex 2024/12/12 v1.0g TeX engine tests
))
\Gm@cnth=\count283
\Gm@cntv=\count284
\c@Gm@tempcnt=\count285
\Gm@bindingoffset=\dimen149
\Gm@wd@mp=\dimen150
\Gm@odd@mp=\dimen151
\Gm@even@mp=\dimen152
\Gm@layoutwidth=\dimen153
\Gm@layoutheight=\dimen154
\Gm@layouthoffset=\dimen155
\Gm@layoutvoffset=\dimen156
\Gm@dimlist=\toks18
) (/usr/share/texmf-dist/tex/latex/amsmath/amsmath.sty
Package: amsmath 2025/07/09 v2.17z AMS math features
\@mathmargin=\skip51
For additional information on amsmath, use the `?' option.
(/usr/share/texmf-dist/tex/latex/amsmath/amstext.sty
Package: amstext 2024/11/17 v2.01 AMS text
(/usr/share/texmf-dist/tex/latex/amsmath/amsgen.sty
File: amsgen.sty 1999/11/30 v2.0 generic functions
\@emptytoks=\toks19
\ex@=\dimen157
)) (/usr/share/texmf-dist/tex/latex/amsmath/amsbsy.sty
Package: amsbsy 1999/11/29 v1.2d Bold Symbols
\pmbraise@=\dimen158
) (/usr/share/texmf-dist/tex/latex/amsmath/amsopn.sty
Package: amsopn 2022/04/08 v2.04 operator names
)
\inf@bad=\count286
LaTeX Info: Redefining \frac on input line 233.
\uproot@=\count287
\leftroot@=\count288
LaTeX Info: Redefining \overline on input line 398.
LaTeX Info: Redefining \colon on input line 409.
\classnum@=\count289
\DOTSCASE@=\count290
LaTeX Info: Redefining \ldots on input line 495.
LaTeX Info: Redefining \dots on input line 498.
LaTeX Info: Redefining \cdots on input line 619.
\Mathstrutbox@=\box53
\strutbox@=\box54
LaTeX Info: Redefining \big on input line 721.
LaTeX Info: Redefining \Big on input line 722.
LaTeX Info: Redefining \bigg on input line 723.
LaTeX Info: Redefining \Bigg on input line 724.
\big@size=\dimen159
LaTeX Font Info:    Redeclaring font encoding OML on input line 742.
LaTeX Font Info:    Redeclaring font encoding OMS on input line 743.
\macc@depth=\count291
LaTeX Info: Redefining \bmod on input line 904.
LaTeX Info: Redefining \pmod on input line 909.
LaTeX Info: Redefining \smash on input line 939.
LaTeX Info: Redefining \relbar on input line 969.
LaTeX Info: Redefining \Relbar on input line 970.
\c@MaxMatrixCols=\count292
\dotsspace@=\muskip17
\c@parentequation=\count293
\dspbrk@lvl=\count294
\tag@help=\toks20
\row@=\count295
\column@=\count296
\maxfields@=\count297
\andhelp@=\toks21
\eqnshift@=\dimen160
\alignsep@=\dimen161
\tagshift@=\dimen162
\tagwidth@=\dimen163
\totwidth@=\dimen164
\lineht@=\dimen165
\@envbody=\toks22
\multlinegap=\skip52
\multlinetaggap=\skip53
\mathdisplay@stack=\toks23
LaTeX Info: Redefining \[ on input line 2950.
LaTeX Info: Redefining \] on input line 2951.
) (/usr/share/texmf-dist/tex/latex/amscls/amsthm.sty
Package: amsthm 2020/05/29 v2.20.6
\thm@style=\toks24
\thm@bodyfont=\toks25
\thm@headfont=\toks26
\thm@notefont=\toks27
\thm@headpunct=\toks28
\thm@preskip=\skip54
\thm@postskip=\skip55
\thm@headsep=\skip56
\dth@everypar=\toks29
) (/usr/share/texmf-dist/tex/latex/tools/bm.sty
Package: bm 2025/10/21 v1.2g Bold Symbol Support (DPC/FMi)
\symboldoperators=\mathgroup4
\symboldletters=\mathgroup5
\symboldsymbols=\mathgroup6
Package bm Info: No bold for \OMX/cmex/m/n, using \pmb.
LaTeX Font Info:    Redeclaring math alphabet \mathbf on input line 149.
) (/usr/share/texmf-dist/tex/latex/graphics/graphicx.sty
Package: graphicx 2024/12/31 v1.2e Enhanced LaTeX Graphics (DPC,SPQR)
(/usr/share/texmf-dist/tex/latex/graphics/graphics.sty
Package: graphics 2024/08/06 v1.4g Standard LaTeX Graphics (DPC,SPQR)
(/usr/share/texmf-dist/tex/latex/graphics/trig.sty
Package: trig 2023/12/02 v1.11 sin cos tan (DPC)
) (/usr/share/texmf-dist/tex/latex/graphics-cfg/graphics.cfg
File: graphics.cfg 2016/06/04 v1.11 sample graphics configuration
)
Package graphics Info: Driver file: pdftex.def on input line 106.
(/usr/share/texmf-dist/tex/latex/graphics-def/pdftex.def
File: pdftex.def 2025/09/29 v1.2d Graphics/color driver for pdftex
))
\Gin@req@height=\dimen166
\Gin@req@width=\dimen167
) (/usr/share/texmf-dist/tex/latex/xcolor/xcolor.sty
Package: xcolor 2024/09/29 v3.02 LaTeX color extensions (UK)
(/usr/share/texmf-dist/tex/latex/graphics-cfg/color.cfg
File: color.cfg 2016/01/02 v1.6 sample color configuration
)
Package xcolor Info: Driver file: pdftex.def on input line 274.
(/usr/share/texmf-dist/tex/latex/graphics/mathcolor.ltx)
Package xcolor Info: Model `cmy' substituted by `cmy0' on input line 1349.
Package xcolor Info: Model `hsb' substituted by `rgb' on input line 1353.
Package xcolor Info: Model `RGB' extended on input line 1365.
Package xcolor Info: Model `HTML' substituted by `rgb' on input line 1367.
Package xcolor Info: Model `Hsb' substituted by `hsb' on input line 1368.
Package xcolor Info: Model `tHsb' substituted by `hsb' on input line 1369.
Package xcolor Info: Model `HSB' substituted by `hsb' on input line 1370.
Package xcolor Info: Model `Gray' substituted by `gray' on input line 1371.
Package xcolor Info: Model `wave' substituted by `hsb' on input line 1372.
) (/usr/share/texmf-dist/tex/latex/caption/caption.sty
Package: caption 2023/08/05 v3.6o Customizing captions (AR)
(/usr/share/texmf-dist/tex/latex/caption/caption3.sty
Package: caption3 2023/07/31 v2.4d caption3 kernel (AR)
\caption@tempdima=\dimen168
\captionmargin=\dimen169
\caption@leftmargin=\dimen170
\caption@rightmargin=\dimen171
\caption@width=\dimen172
\caption@indent=\dimen173
\caption@parindent=\dimen174
\caption@hangindent=\dimen175
Package caption Info: Standard document class detected.
)
\c@caption@flags=\count298
\c@continuedfloat=\count299
) (/usr/share/texmf-dist/tex/latex/caption/subcaption.sty
Package: subcaption 2023/07/28 v1.6b Sub-captions (AR)
Package caption Info: New subtype `subfigure' on input line 238.
\c@subfigure=\count300
Package caption Info: New subtype `subtable' on input line 238.
\c@subtable=\count301
) (/usr/share/texmf-dist/tex/latex/l3backend/l3backend-pdftex.def
File: l3backend-pdftex.def 2025-10-09 L3 backend support: PDF output (pdfTeX)
\l__color_backend_stack_int=\count302
)
No file figure-cumulative-combined-log.aux.
\openout1 = `figure-cumulative-combined-log.aux'.

LaTeX Font Info:    Checking defaults for OML/cmm/m/it on input line 21.
LaTeX Font Info:    ... okay on input line 21.
LaTeX Font Info:    Checking defaults for OMS/cmsy/m/n on input line 21.
LaTeX Font Info:    ... okay on input line 21.
LaTeX Font Info:    Checking defaults for OT1/cmr/m/n on input line 21.
LaTeX Font Info:    ... okay on input line 21.
LaTeX Font Info:    Checking defaults for T1/cmr/m/n on input line 21.
LaTeX Font Info:    ... okay on input line 21.
LaTeX Font Info:    Checking defaults for TS1/cmr/m/n on input line 21.
LaTeX Font Info:    ... okay on input line 21.
LaTeX Font Info:    Checking defaults for OMX/cmex/m/n on input line 21.
LaTeX Font Info:    ... okay on input line 21.
LaTeX Font Info:    Checking defaults for U/cmr/m/n on input line 21.
LaTeX Font Info:    ... okay on input line 21.
*geometry* driver: auto-detecting
*geometry* detected driver: pdftex
*geometry* verbose mode - [ preamble ] result:
* driver: pdftex
* paper: <default>
* layout: <same size as paper>
* layoutoffset:(h,v)=(0.0pt,0.0pt)
* modes: 
* h-part:(L,W,R)=(14.45377pt, 585.38747pt, 14.45377pt)
* v-part:(T,H,B)=(0.0pt, 794.96999pt, 0.0pt)
* \paperwidth=614.295pt
* \paperheight=794.96999pt
* \textwidth=585.38747pt
* \textheight=794.96999pt
* \oddsidemargin=-57.81622pt
* \evensidemargin=-57.81622pt
* \topmargin=-109.26999pt
* \headheight=12.0pt
* \headsep=25.0pt
* \topskip=10.0pt
* \footskip=30.0pt
* \marginparwidth=65.0pt
* \marginparsep=11.0pt
* \columnsep=10.0pt
* \skip\footins=9.0pt plus 4.0pt minus 2.0pt
* \hoffset=0.0pt
* \voffset=0.0pt
* \mag=1000
* \@twocolumnfalse
* \@twosidefalse
* \@mparswitchfalse
* \@reversemarginfalse
* (1in=72.27pt=25.4mm, 1cm=28.453pt)

(/usr/share/texmf-dist/tex/context/base/mkii/supp-pdf.mkii
[Loading MPS to PDF converter (version 2006.09.02).]
\scratchcounter=\count303
\scratchdimen=\dimen176
\scratchbox=\box55
\nofMPsegments=\count304
\nofMParguments=\count305
\everyMPshowfont=\toks30
\MPscratchCnt=\count306
\MPscratchDim=\dimen177
\MPnumerator=\count307
\makeMPintoPDFobject=\count308
\everyMPtoPDFconversion=\toks31
) (/usr/share/texmf-dist/tex/latex/epstopdf-pkg/epstopdf-base.sty
Package: epstopdf-base 2020-01-24 v2.11 Base part for package epstopdf
Package epstopdf-base Info: Redefining graphics rule for `.eps' on input line 4
85.
(/usr/share/texmf-dist/tex/latex/latexconfig/epstopdf-sys.cfg
File: epstopdf-sys.cfg 2010/07/13 v1.3 Configuration of (r)epstopdf for TeX Liv
e
))
Package caption Info: Begin \AtBeginDocument code.
Package caption Info: End \AtBeginDocument code.
<subpanels/cumulative-source-met-6-log.pdf, id=1, 210.29868pt x 199.43207pt>
File: subpanels/cumulative-source-met-6-log.pdf Graphic file (type pdf)
<use subpanels/cumulative-source-met-6-log.pdf>
Package pdftex.def Info: subpanels/cumulative-source-met-6-log.pdf  used on inp
ut line 26.
(pdftex.def)             Requested size: 144.58719pt x 137.1153pt.

Underfull \hbox (badness 10000) in paragraph at lines 26--27

 []

<subpanels/cumulative-source-met-10-log.pdf, id=2, 211.89865pt x 199.43207pt>
File: subpanels/cumulative-source-met-10-log.pdf Graphic file (type pdf)
<use subpanels/cumulative-source-met-10-log.pdf>
Package pdftex.def Info: subpanels/cumulative-source-met-10-log.pdf  used on in
put line 30.
(pdftex.def)             Requested size: 144.58719pt x 136.08368pt.

Underfull \hbox (badness 10000) in paragraph at lines 30--31

 []

<subpanels/cumulative-source-met-13-log.pdf, id=3, 212.01509pt x 199.66997pt>
File: subpanels/cumulative-source-met-13-log.pdf Graphic file (type pdf)
<use subpanels/cumulative-source-met-13-log.pdf>
Package pdftex.def Info: subpanels/cumulative-source-met-13-log.pdf  used on in
put line 34.
(pdftex.def)             Requested size: 144.58719pt x 136.17593pt.

Underfull \hbox (badness 10000) in paragraph at lines 34--35

 []

<subpanels/cumulative-source-met-14-log.pdf, id=4, 210.3067pt x 199.43207pt>
File: subpanels/cumulative-source-met-14-log.pdf Graphic file (type pdf)
<use subpanels/cumulative-source-met-14-log.pdf>
Package pdftex.def Info: subpanels/cumulative-source-met-14-log.pdf  used on in
put line 38.
(pdftex.def)             Requested size: 144.58719pt x 137.1153pt.

Underfull \hbox (badness 10000) in paragraph at lines 38--39

 []

<subpanels/cumulative-source-met-15-log.pdf, id=5, 210.3017pt x 199.43408pt>
File: subpanels/cumulative-source-met-15-log.pdf Graphic file (type pdf)
<use subpanels/cumulative-source-met-15-log.pdf>
Package pdftex.def Info: subpanels/cumulative-source-met-15-log.pdf  used on in
put line 43.
(pdftex.def)             Requested size: 144.58719pt x 137.11667pt.

Underfull \hbox (badness 10000) in paragraph at lines 43--44

 []

<subpanels/cumulative-source-met-18-log.pdf, id=6, 210.29868pt x 199.43207pt>
File: subpanels/cumulative-source-met-18-log.pdf Graphic file (type pdf)
<use subpanels/cumulative-source-met-18-log.pdf>
Package pdftex.def Info: subpanels/cumulative-source-met-18-log.pdf  used on in
put line 47.
(pdftex.def)             Requested size: 144.58719pt x 137.1153pt.

Underfull \hbox (badness 10000) in paragraph at lines 47--48

 []

<subpanels/cumulative-source-met-20-log.pdf, id=7, 211.09665pt x 199.43207pt>
File: subpanels/cumulative-source-met-20-log.pdf Graphic file (type pdf)
<use subpanels/cumulative-source-met-20-log.pdf>
Package pdftex.def Info: subpanels/cumulative-source-met-20-log.pdf  used on in
put line 51.
(pdftex.def)             Requested size: 144.58719pt x 136.59796pt.

Underfull \hbox (badness 10000) in paragraph at lines 51--52

 []

<subpanels/cumulative-source-met-21-log.pdf, id=8, 210.29868pt x 199.43207pt>
File: subpanels/cumulative-source-met-21-log.pdf Graphic file (type pdf)
<use subpanels/cumulative-source-met-21-log.pdf>
Package pdftex.def Info: subpanels/cumulative-source-met-21-log.pdf  used on in
put line 55.
(pdftex.def)             Requested size: 144.58719pt x 137.1153pt.

Underfull \hbox (badness 10000) in paragraph at lines 55--56

 []

<subpanels/cumulative-source-met-22-log.pdf, id=9, 210.29968pt x 199.43207pt>
File: subpanels/cumulative-source-met-22-log.pdf Graphic file (type pdf)
<use subpanels/cumulative-source-met-22-log.pdf>
Package pdftex.def Info: subpanels/cumulative-source-met-22-log.pdf  used on in
put line 60.
(pdftex.def)             Requested size: 144.58719pt x 137.1153pt.

Underfull \hbox (badness 10000) in paragraph at lines 60--61

 []

<subpanels/cumulative-source-met-23-log.pdf, id=10, 211.89865pt x 199.43207pt>
File: subpanels/cumulative-source-met-23-log.pdf Graphic file (type pdf)
<use subpanels/cumulative-source-met-23-log.pdf>
Package pdftex.def Info: subpanels/cumulative-source-met-23-log.pdf  used on in
put line 64.
(pdftex.def)             Requested size: 144.58719pt x 136.08368pt.

Underfull \hbox (badness 10000) in paragraph at lines 64--65

 []

<subpanels/cumulative-source-met-29-log.pdf, id=11, 210.29868pt x 199.43207pt>
File: subpanels/cumulative-source-met-29-log.pdf Graphic file (type pdf)
<use subpanels/cumulative-source-met-29-log.pdf>
Package pdftex.def Info: subpanels/cumulative-source-met-29-log.pdf  used on in
put line 68.
(pdftex.def)             Requested size: 144.58719pt x 137.1153pt.

Underfull \hbox (badness 10000) in paragraph at lines 68--69

 []

<subpanels/cumulative-source-met-33-log.pdf, id=12, 210.29767pt x 199.43207pt>
File: subpanels/cumulative-source-met-33-log.pdf Graphic file (type pdf)
<use subpanels/cumulative-source-met-33-log.pdf>
Package pdftex.def Info: subpanels/cumulative-source-met-33-log.pdf  used on in
put line 72.
(pdftex.def)             Requested size: 144.58719pt x 137.1153pt.

Underfull \hbox (badness 10000) in paragraph at lines 72--73

 []

<subpanels/cumulative-source-met-35-log.pdf, id=13, 210.29868pt x 199.43207pt>
File: subpanels/cumulative-source-met-35-log.pdf Graphic file (type pdf)
<use subpanels/cumulative-source-met-35-log.pdf>
Package pdftex.def Info: subpanels/cumulative-source-met-35-log.pdf  used on in
put line 77.
(pdftex.def)             Requested size: 144.58719pt x 137.1153pt.

Underfull \hbox (badness 10000) in paragraph at lines 77--78

 []

<subpanels/cumulative-source-met-40-log.pdf, id=14, 210.42113pt x 199.5505pt>
File: subpanels/cumulative-source-met-40-log.pdf Graphic file (type pdf)
<use subpanels/cumulative-source-met-40-log.pdf>
Package pdftex.def Info: subpanels/cumulative-source-met-40-log.pdf  used on in
put line 81.
(pdftex.def)             Requested size: 144.58719pt x 137.1267pt.

Underfull \hbox (badness 10000) in paragraph at lines 81--82

 []

[1{/var/lib/texmf/fonts/map/pdftex/updmap/pdftex.map} <./subpanels/cumulative-s
ource-met-6-log.pdf> <./subpanels/cumulative-source-met-10-log.pdf> <./subpanel
s/cumulative-source-met-13-log.pdf> <./subpanels/cumulative-source-met-14-log.p
df> <./subpanels/cumulative-source-met-15-log.pdf> <./subpanels/cumulative-sour
ce-met-18-log.pdf> <./subpanels/cumulative-source-met-20-log.pdf> <./subpanels/
cumulative-source-met-21-log.pdf> <./subpanels/cumulative-source-met-22-log.pdf
> <./subpanels/cumulative-source-met-23-log.pdf> <./subpanels/cumulative-source
-met-29-log.pdf> <./subpanels/cumulative-source-met-33-log.pdf> <./subpanels/cu
mulative-source-met-35-log.pdf> <./subpanels/cumulative-source-met-40-log.pdf>]
(./figure-cumulative-combined-log.aux)
 ***********
LaTeX2e <2025-11-01>
L3 programming layer <2026-01-19>
 ***********
 ) 
Here is how much of TeX's memory you used:
 4773 strings out of 469439
 80159 string characters out of 5469266
 494025 words of memory out of 5000000
 33430 multiletter control sequences out of 15000+600000
 628332 words of font info for 42 fonts, out of 8000000 for 9000
 59 hyphenation exceptions out of 8191
 57i,8n,65p,306b,451s stack positions out of 10000i,1000n,20000p,200000b,200000s
</usr/share/texmf-dist/fonts/type1/public/amsfonts/cm/cmmi10.pfb></usr/share/
texmf-dist/fonts/type1/public/amsfonts/cm/cmr10.pfb></usr/share/texmf-dist/font
s/type1/public/amsfonts/cm/cmr7.pfb></usr/share/texmf-dist/fonts/type1/public/a
msfonts/cm/cmss10.pfb></usr/share/texmf-dist/fonts/type1/public/amsfonts/cm/cms
s9.pfb></usr/share/texmf-dist/fonts/type1/public/amsfonts/cm/cmsy10.pfb>
Output written on figure-cumulative-combined-log.pdf (1 page, 1316329 bytes).
PDF statistics:
 531 PDF objects out of 1000 (max. 8388607)
 380 compressed objects within 4 object streams
 0 named destinations out of 1000 (max. 500000)
 71 words of extra memory for PDF output out of 10000 (max. 10000000)

